0 info it worked if it ends with ok
1 verbose cli [ 'c:\\Program Files\\nodejs\\node.exe',
1 verbose cli   'c:\\Program Files\\nodejs\\node_modules\\npm\\bin\\npm-cli.js',
1 verbose cli   'start' ]
2 info using npm@2.7.4
3 info using node@v0.12.2
4 verbose run-script [ 'prestart', 'start', 'poststart' ]
5 info prestart webpack-angular@1.0.0
6 info start webpack-angular@1.0.0
7 verbose unsafe-perm in lifecycle true
8 info webpack-angular@1.0.0 Failed to exec start script
9 verbose stack Error: webpack-angular@1.0.0 start: `webpack-dev-server --content-base app/scripts`
9 verbose stack Exit status 1
9 verbose stack     at EventEmitter.<anonymous> (c:\Program Files\nodejs\node_modules\npm\lib\utils\lifecycle.js:213:16)
9 verbose stack     at EventEmitter.emit (events.js:110:17)
9 verbose stack     at ChildProcess.<anonymous> (c:\Program Files\nodejs\node_modules\npm\lib\utils\spawn.js:14:12)
9 verbose stack     at ChildProcess.emit (events.js:110:17)
9 verbose stack     at maybeClose (child_process.js:1015:16)
9 verbose stack     at Process.ChildProcess._handle.onexit (child_process.js:1087:5)
10 verbose pkgid webpack-angular@1.0.0
11 verbose cwd C:\projects\touch_of_europe
12 error Windows_NT 6.1.7601
13 error argv "c:\\Program Files\\nodejs\\node.exe" "c:\\Program Files\\nodejs\\node_modules\\npm\\bin\\npm-cli.js" "start"
14 error node v0.12.2
15 error npm  v2.7.4
16 error code ELIFECYCLE
17 error webpack-angular@1.0.0 start: `webpack-dev-server --content-base app/scripts`
17 error Exit status 1
18 error Failed at the webpack-angular@1.0.0 start script 'webpack-dev-server --content-base app/scripts'.
18 error This is most likely a problem with the webpack-angular package,
18 error not with npm itself.
18 error Tell the author that this fails on your system:
18 error     webpack-dev-server --content-base app/scripts
18 error You can get their info via:
18 error     npm owner ls webpack-angular
18 error There is likely additional logging output above.
19 verbose exit [ 1, true ]
